<?xml version="1.0" encoding="UTF-8"?>
<!-- Generated by org.testng.reporters.JUnitXMLReporter -->
<testsuite ignored="2" hostname="Portatil-de-Hammad" failures="0" tests="1" name="Default test" time="9.513" errors="0" timestamp="2025-05-08T20:52:12 IST">
  <testcase classname="com.github.project.SeleniumJava.HomePage" name="checkBasicAuth" time="0.9"/>
  <testcase classname="com.github.project.SeleniumJava.HomePage" name="checkAddRemoveElements" time="0.0">
    <ignored/>
  </testcase> <!-- checkAddRemoveElements -->
  <testcase classname="com.github.project.SeleniumJava.HomePage" name="checkHomeUI" time="0.0">
    <ignored/>
  </testcase> <!-- checkHomeUI -->
</testsuite> <!-- Default test -->
