<?xml version="1.0" encoding="UTF-8"?>
<testng-results ignored="2" total="3" passed="1" failed="0" skipped="0">
  <reporter-output>
  </reporter-output>
  <suite started-at="2025-05-08T20:52:03 IST" name="Default suite" finished-at="2025-05-08T20:52:12 IST" duration-ms="9513">
    <groups>
    </groups>
    <test started-at="2025-05-08T20:52:03 IST" name="Default test" finished-at="2025-05-08T20:52:12 IST" duration-ms="9513">
      <class name="com.github.project.SeleniumJava.HomePage">
        <test-method is-config="true" signature="assignProduct(java.lang.String)[pri:0, instance:com.github.project.SeleniumJava.HomePage@3932c79a]" started-at="2025-05-08T20:52:02 IST" name="assignProduct" finished-at="2025-05-08T20:52:03 IST" duration-ms="24" status="PASS">
          <params>
            <param index="0">
              <value is-null="true"/>
            </param>
          </params>
          <reporter-output>
          </reporter-output>
        </test-method> <!-- assignProduct -->
        <test-method is-config="true" signature="beforeTest()[pri:0, instance:com.github.project.SeleniumJava.HomePage@3932c79a]" started-at="2025-05-08T20:52:03 IST" name="beforeTest" finished-at="2025-05-08T20:52:03 IST" duration-ms="1" status="PASS">
          <reporter-output>
          </reporter-output>
        </test-method> <!-- beforeTest -->
        <test-method is-config="true" signature="assignDriver(java.lang.String)[pri:0, instance:com.github.project.SeleniumJava.HomePage@3932c79a]" started-at="2025-05-08T20:52:03 IST" name="assignDriver" finished-at="2025-05-08T20:52:07 IST" duration-ms="4374" status="PASS">
          <params>
            <param index="0">
              <value is-null="true"/>
            </param>
          </params>
          <reporter-output>
          </reporter-output>
        </test-method> <!-- assignDriver -->
        <test-method is-config="true" signature="resetPage()[pri:0, instance:com.github.project.SeleniumJava.HomePage@3932c79a]" started-at="2025-05-08T20:52:07 IST" name="resetPage" finished-at="2025-05-08T20:52:10 IST" duration-ms="3376" status="PASS">
          <reporter-output>
          </reporter-output>
        </test-method> <!-- resetPage -->
        <test-method is-config="true" signature="checkForNullDriverBeforeMethod(java.lang.reflect.Method)[pri:0, instance:com.github.project.SeleniumJava.HomePage@3932c79a]" started-at="2025-05-08T20:52:10 IST" name="checkForNullDriverBeforeMethod" finished-at="2025-05-08T20:52:10 IST" duration-ms="2" status="PASS">
          <params>
            <param index="0">
              <value>
                <![CDATA[public void com.github.project.SeleniumJava.HomePage.checkBasicAuth()]]>
              </value>
            </param>
          </params>
          <reporter-output>
          </reporter-output>
        </test-method> <!-- checkForNullDriverBeforeMethod -->
        <test-method is-config="true" signature="beforeMethod()[pri:0, instance:com.github.project.SeleniumJava.HomePage@3932c79a]" started-at="2025-05-08T20:52:10 IST" name="beforeMethod" finished-at="2025-05-08T20:52:11 IST" duration-ms="342" status="PASS">
          <reporter-output>
          </reporter-output>
        </test-method> <!-- beforeMethod -->
        <test-method signature="checkBasicAuth()[pri:0, instance:com.github.project.SeleniumJava.HomePage@3932c79a]" started-at="2025-05-08T20:52:11 IST" name="checkBasicAuth" description="checkBasicAuth" finished-at="2025-05-08T20:52:12 IST" duration-ms="900" status="PASS">
          <reporter-output>
          </reporter-output>
        </test-method> <!-- checkBasicAuth -->
        <test-method is-config="true" signature="checkStatusAfterMethod(org.testng.ITestResult)[pri:0, instance:com.github.project.SeleniumJava.HomePage@3932c79a]" started-at="2025-05-08T20:52:12 IST" name="checkStatusAfterMethod" finished-at="2025-05-08T20:52:12 IST" duration-ms="0" status="PASS">
          <params>
            <param index="0">
              <value>
                <![CDATA[[TestResult name=checkBasicAuth status=SUCCESS method=HomePage.checkBasicAuth()[pri:0, instance:com.github.project.SeleniumJava.HomePage@3932c79a] output={null}]]]>
              </value>
            </param>
          </params>
          <reporter-output>
          </reporter-output>
        </test-method> <!-- checkStatusAfterMethod -->
        <test-method is-config="true" signature="quitDriver()[pri:0, instance:com.github.project.SeleniumJava.HomePage@3932c79a]" started-at="2025-05-08T20:52:12 IST" name="quitDriver" finished-at="2025-05-08T20:52:12 IST" duration-ms="452" status="PASS">
          <reporter-output>
          </reporter-output>
        </test-method> <!-- quitDriver -->
        <test-method is-config="true" signature="afterTest()[pri:0, instance:com.github.project.SeleniumJava.HomePage@3932c79a]" started-at="2025-05-08T20:52:12 IST" name="afterTest" finished-at="2025-05-08T20:52:12 IST" duration-ms="1" status="PASS">
          <reporter-output>
          </reporter-output>
        </test-method> <!-- afterTest -->
        <test-method is-config="true" signature="tearDown()[pri:0, instance:com.github.project.SeleniumJava.HomePage@3932c79a]" started-at="2025-05-08T20:52:12 IST" name="tearDown" finished-at="2025-05-08T20:52:13 IST" duration-ms="1158" status="PASS">
          <reporter-output>
          </reporter-output>
        </test-method> <!-- tearDown -->
      </class> <!-- com.github.project.SeleniumJava.HomePage -->
    </test> <!-- Default test -->
  </suite> <!-- Default suite -->
</testng-results>
